[+] Containers:
 |- [+] Container: /Game/FirstPerson/Maps/FirstPersonMap
 |   |- [+] ActorDescs:
 |   |   |- Guid:1D95F8FF4656D779508D579C65C388C7 BaseClass: NativeClass:/Script/Engine.StaticMeshActor Name:StaticMeshActor_UAID_08BFB80481DF28F601_1199472745 Label:Plane SpatiallyLoaded:1 Bounds:IsValid=true, Min=(X=-248050.000 Y=-249800.000 Z=-30.000), Max=(X=251950.000 Y=250200.000 Z=-30.000) RuntimeGrid:None EditorOnly:0 RuntimeOnly:0 HLODRelevant:1 ListedInSceneOutliner:1 IsMainWorldOnly:0
 |   |   |- Guid:294AB2A1468FE2C1CD13C2875042A72D BaseClass: NativeClass:/Script/Engine.Emitter Name:Emitter_UAID_08BFB80481DF28F601_1904412976 Label:P_Steam_Lit6 SpatiallyLoaded:1 Bounds:IsValid=true, Min=(X=-1288.282 Y=-5231.129 Z=-6721.560), Max=(X=17279.983 Y=11553.621 Z=9660.574) RuntimeGrid:None EditorOnly:0 RuntimeOnly:0 HLODRelevant:0 ListedInSceneOutliner:1 IsMainWorldOnly:0 FolderPath:Fog FolderGuid:E5F18ED94E3503C66B6388AD15EEFEC2
 |   |   |- Guid:371026D34E081113094C4E86D2260247 BaseClass:/Game/Blueprints/AccursedSkull.AccursedSkull_C NativeClass:/Script/Engine.Actor Name:AccursedSkull_C_UAID_08BFB80481DF2CF601_1578306684 Label:AccursedSkull SpatiallyLoaded:1 Bounds:IsValid=true, Min=(X=1587.224 Y=288.915 Z=101.329), Max=(X=1808.108 Y=469.616 Z=377.664) RuntimeGrid:None EditorOnly:0 RuntimeOnly:0 HLODRelevant:0 ListedInSceneOutliner:1 IsMainWorldOnly:0
 |   |   |- Guid:391E8D1D429691361A6EDF8B13340F8E BaseClass:/Game/Blueprints/DeadTreeSkullLantern1.DeadTreeSkullLantern1_C NativeClass:/Script/Engine.Actor Name:DeadTreeSkullLantern1_C_UAID_08BFB80481DF26F601_1510206049 Label:DeadTreeSkullLantern3 SpatiallyLoaded:1 Bounds:IsValid=true, Min=(X=1379.570 Y=1763.536 Z=-135.686), Max=(X=2263.105 Y=2486.340 Z=969.656) RuntimeGrid:None EditorOnly:0 RuntimeOnly:0 HLODRelevant:0 ListedInSceneOutliner:1 IsMainWorldOnly:0
 |   |   |- Guid:4E0C522D4361200706AF5EB45060C627 BaseClass:/Game/Blueprints/BigStumpPlatform.BigStumpPlatform_C NativeClass:/Script/Engine.Actor Name:BigStumpPlatform_C_UAID_08BFB80481DF34F601_1844736702 Label:BigStumpPlatform SpatiallyLoaded:1 Bounds:IsValid=true, Min=(X=2283.868 Y=277.525 Z=-102.255), Max=(X=2675.868 Y=646.649 Z=142.016) RuntimeGrid:None EditorOnly:0 RuntimeOnly:0 HLODRelevant:0 ListedInSceneOutliner:1 IsMainWorldOnly:0
 |   |   |- Guid:5415EFF1444332ED019097BF56FF9C8B BaseClass: NativeClass:/Script/Engine.Emitter Name:Emitter_UAID_08BFB80481DF28F601_1894028975 Label:P_Steam_Lit5 SpatiallyLoaded:1 Bounds:IsValid=true, Min=(X=-5408.282 Y=-12516.129 Z=-6721.560), Max=(X=13159.983 Y=4268.621 Z=9660.574) RuntimeGrid:None EditorOnly:0 RuntimeOnly:0 HLODRelevant:0 ListedInSceneOutliner:1 IsMainWorldOnly:0 FolderPath:Fog FolderGuid:E5F18ED94E3503C66B6388AD15EEFEC2
 |   |   |- Guid:61391D344900612A77DFC3BA3E354907 BaseClass: NativeClass:/Script/Engine.ExponentialHeightFog Name:ExponentialHeightFog_0 Label:ExponentialHeightFog SpatiallyLoaded:0 Bounds:IsValid=true, Min=(X=-4600.000 Y=560.000 Z=100.000), Max=(X=-4600.000 Y=560.000 Z=100.000) RuntimeGrid:None EditorOnly:0 RuntimeOnly:0 HLODRelevant:0 ListedInSceneOutliner:1 IsMainWorldOnly:0 FolderPath:Lighting FolderGuid:0BA5F0A04EADB18E70D5B180D08FA34B
 |   |   |- Guid:6FEFB3BD4EB37B849EF0D4AC80F83855 BaseClass: NativeClass:/Script/Engine.WorldDataLayers Name:WorldDataLayers Label:WorldDataLayers SpatiallyLoaded:0 Bounds:IsValid=true, Min=(X=0.000 Y=0.000 Z=0.000), Max=(X=0.000 Y=0.000 Z=0.000) RuntimeGrid:None EditorOnly:0 RuntimeOnly:0 HLODRelevant:0 ListedInSceneOutliner:1 IsMainWorldOnly:1
 |   |   |- Guid:74439BB44D27A2D5879D47AB211A76A0 BaseClass:/Game/Blueprints/DeadTreeSkullLantern1.DeadTreeSkullLantern1_C NativeClass:/Script/Engine.Actor Name:DeadTreeSkullLantern1_C_UAID_08BFB80481DF26F601_1541922192 Label:DeadTreeSkullLantern4 SpatiallyLoaded:1 Bounds:IsValid=true, Min=(X=-2.430 Y=1492.536 Z=-130.686), Max=(X=881.105 Y=2215.340 Z=974.656) RuntimeGrid:None EditorOnly:0 RuntimeOnly:0 HLODRelevant:0 ListedInSceneOutliner:1 IsMainWorldOnly:0
 |   |   |- Guid:78CAF7514C7533F30BD2F19A017AAB65 BaseClass: NativeClass:/Script/Engine.StaticMeshActor Name:StaticMeshActor_0 Label:SM_Cube SpatiallyLoaded:1 Bounds:IsValid=true, Min=(X=-2440.000 Y=-700.000 Z=-100.000), Max=(X=1960.000 Y=1390.000 Z=0.000) RuntimeGrid:None EditorOnly:0 RuntimeOnly:0 HLODRelevant:1 ListedInSceneOutliner:1 IsMainWorldOnly:0 FolderPath:LevelLayout FolderGuid:6C02BB504B69D1F3D7A624B130C18E5B
 |   |   |- Guid:7961342E4A4575D6F02CD798438E90C6 BaseClass:/Game/Blueprints/DeadTreeSkullLantern1.DeadTreeSkullLantern1_C NativeClass:/Script/Engine.Actor Name:DeadTreeSkullLantern1_C_UAID_08BFB80481DF26F601_1486666744 Label:DeadTreeSkullLantern1 SpatiallyLoaded:1 Bounds:IsValid=true, Min=(X=548.895 Y=-1409.340 Z=-110.686), Max=(X=1432.430 Y=-686.536 Z=994.656) RuntimeGrid:None EditorOnly:0 RuntimeOnly:0 HLODRelevant:0 ListedInSceneOutliner:1 IsMainWorldOnly:0
 |   |   |- Guid:8D7730714B5AF00017F969A70F47AF1D BaseClass: NativeClass:/Script/Engine.StaticMeshActor Name:StaticMeshActor_UAID_08BFB80481DFF8F501_1172106527 Label:SM_Cube13 SpatiallyLoaded:1 Bounds:IsValid=true, Min=(X=3050.000 Y=-900.000 Z=-100.000), Max=(X=3650.000 Y=-800.000 Z=0.000) RuntimeGrid:None EditorOnly:0 RuntimeOnly:0 HLODRelevant:1 ListedInSceneOutliner:1 IsMainWorldOnly:0 FolderPath:LevelLayout FolderGuid:6C02BB504B69D1F3D7A624B130C18E5B
 |   |   |- Guid:9AC21B114954C7245ACE8FB4AC018F36 BaseClass:/Game/Blueprints/DeadTreeSkullLantern1.DeadTreeSkullLantern1_C NativeClass:/Script/Engine.Actor Name:DeadTreeSkullLantern1_C_UAID_08BFB80481DF26F601_1502604902 Label:DeadTreeSkullLantern2 SpatiallyLoaded:1 Bounds:IsValid=true, Min=(X=1478.895 Y=-1664.340 Z=-115.686), Max=(X=2362.430 Y=-941.536 Z=989.656) RuntimeGrid:None EditorOnly:0 RuntimeOnly:0 HLODRelevant:0 ListedInSceneOutliner:1 IsMainWorldOnly:0
 |   |   |- Guid:A354B1B24E617A525DC6B48CCDE2417E BaseClass: NativeClass:/Script/Engine.PlayerStart Name:PlayerStart_0 Label:PlayerStart SpatiallyLoaded:0 Bounds:IsValid=true, Min=(X=110.000 Y=310.000 Z=0.013), Max=(X=190.000 Y=390.000 Z=184.013) RuntimeGrid:None EditorOnly:0 RuntimeOnly:0 HLODRelevant:0 ListedInSceneOutliner:1 IsMainWorldOnly:0
 |   |   |- Guid:C0C56B9644AE3D40CAFF6A878DB29844 BaseClass: NativeClass:/Script/Engine.StaticMeshActor Name:StaticMeshActor_UAID_A4AE111137DC5EFB00_2001720423 Label:SM_SkySphere SpatiallyLoaded:0 Bounds:IsValid=true, Min=(X=-1638400.000 Y=-1638400.000 Z=-1638400.000), Max=(X=1638400.000 Y=1638400.000 Z=1638400.000) RuntimeGrid:None EditorOnly:0 RuntimeOnly:0 HLODRelevant:1 ListedInSceneOutliner:1 IsMainWorldOnly:0 FolderPath:Lighting FolderGuid:0BA5F0A04EADB18E70D5B180D08FA34B
 |   |   |- Guid:C22CE07C4B87D685137FDBBC10FC92C6 BaseClass: NativeClass:/Script/Engine.SkyAtmosphere Name:SkyAtmosphere_0 Label:SkyAtmosphere SpatiallyLoaded:0 Bounds:IsValid=true, Min=(X=0.000 Y=0.000 Z=1020.000), Max=(X=0.000 Y=0.000 Z=1020.000) RuntimeGrid:None EditorOnly:0 RuntimeOnly:0 HLODRelevant:0 ListedInSceneOutliner:1 IsMainWorldOnly:0 FolderPath:Lighting FolderGuid:0BA5F0A04EADB18E70D5B180D08FA34B
 |   |   |- Guid:C6FE12FB434747AF177D86B96665DAFD BaseClass: NativeClass:/Script/Engine.Emitter Name:Emitter_UAID_08BFB80481DF28F601_1894027974 Label:P_Steam_Lit4 SpatiallyLoaded:1 Bounds:IsValid=true, Min=(X=-1288.282 Y=-12516.129 Z=-6721.560), Max=(X=17279.983 Y=4268.621 Z=9660.574) RuntimeGrid:None EditorOnly:0 RuntimeOnly:0 HLODRelevant:0 ListedInSceneOutliner:1 IsMainWorldOnly:0 FolderPath:Fog FolderGuid:E5F18ED94E3503C66B6388AD15EEFEC2
 |   |   |- Guid:CE8D82634660FCDB3120E2B8D547C533 BaseClass: NativeClass:/Script/Engine.PostProcessVolume Name:PostProcessVolume_0 Label:PostProcessVolume SpatiallyLoaded:0 Bounds:IsValid=true, Min=(X=0.000 Y=0.000 Z=400.000), Max=(X=200.000 Y=200.000 Z=600.000) RuntimeGrid:None EditorOnly:0 RuntimeOnly:0 HLODRelevant:0 ListedInSceneOutliner:1 IsMainWorldOnly:0 FolderPath:Lighting FolderGuid:0BA5F0A04EADB18E70D5B180D08FA34B
 |   |   |- Guid:E5320C1B4FD9764CE7B54D8487AEC613 BaseClass: NativeClass:/Script/Engine.SkyLight Name:SkyLight_0 Label:SkyLight SpatiallyLoaded:0 Bounds:IsValid=true, Min=(X=0.000 Y=0.000 Z=690.000), Max=(X=0.000 Y=0.000 Z=690.000) RuntimeGrid:None EditorOnly:0 RuntimeOnly:0 HLODRelevant:0 ListedInSceneOutliner:1 IsMainWorldOnly:0 FolderPath:Lighting FolderGuid:0BA5F0A04EADB18E70D5B180D08FA34B
 |   |   |- Guid:F80621C9446867154938FE81375207DA BaseClass: NativeClass:/Script/Engine.DirectionalLight Name:DirectionalLight_1 Label:DirectionalLight SpatiallyLoaded:0 Bounds:IsValid=true, Min=(X=-4398046511104.000 Y=-4398046511104.000 Z=-4398046511104.000), Max=(X=4398046511104.000 Y=4398046511104.000 Z=4398046511104.000) RuntimeGrid:None EditorOnly:0 RuntimeOnly:0 HLODRelevant:0 ListedInSceneOutliner:1 IsMainWorldOnly:0 FolderPath:Lighting FolderGuid:0BA5F0A04EADB18E70D5B180D08FA34B
 |   |   |- Guid:FD0CFB9D4B50FD92A0D87D82C6D07E8F BaseClass: NativeClass:/Script/Engine.Emitter Name:Emitter_UAID_08BFB80481DF28F601_1904413977 Label:P_Steam_Lit7 SpatiallyLoaded:1 Bounds:IsValid=true, Min=(X=-5408.282 Y=-5231.129 Z=-6721.560), Max=(X=13159.983 Y=11553.621 Z=9660.574) RuntimeGrid:None EditorOnly:0 RuntimeOnly:0 HLODRelevant:0 ListedInSceneOutliner:1 IsMainWorldOnly:0 FolderPath:Fog FolderGuid:E5F18ED94E3503C66B6388AD15EEFEC2
 |   |- [+] Clusters:
 |   |   |- [+] [  0]
 |   |   |   |- Guid:1D95F8FF4656D779508D579C65C388C7 BaseClass: NativeClass:/Script/Engine.StaticMeshActor Name:StaticMeshActor_UAID_08BFB80481DF28F601_1199472745 Label:Plane SpatiallyLoaded:1 Bounds:IsValid=true, Min=(X=-248050.000 Y=-249800.000 Z=-30.000), Max=(X=251950.000 Y=250200.000 Z=-30.000) RuntimeGrid:None EditorOnly:0 RuntimeOnly:0 HLODRelevant:1 ListedInSceneOutliner:1 IsMainWorldOnly:0
 |   |   |- [+] [  1]
 |   |   |   |- Guid:294AB2A1468FE2C1CD13C2875042A72D BaseClass: NativeClass:/Script/Engine.Emitter Name:Emitter_UAID_08BFB80481DF28F601_1904412976 Label:P_Steam_Lit6 SpatiallyLoaded:1 Bounds:IsValid=true, Min=(X=-1288.282 Y=-5231.129 Z=-6721.560), Max=(X=17279.983 Y=11553.621 Z=9660.574) RuntimeGrid:None EditorOnly:0 RuntimeOnly:0 HLODRelevant:0 ListedInSceneOutliner:1 IsMainWorldOnly:0 FolderPath:Fog FolderGuid:E5F18ED94E3503C66B6388AD15EEFEC2
 |   |   |- [+] [  2]
 |   |   |   |- Guid:371026D34E081113094C4E86D2260247 BaseClass:/Game/Blueprints/AccursedSkull.AccursedSkull_C NativeClass:/Script/Engine.Actor Name:AccursedSkull_C_UAID_08BFB80481DF2CF601_1578306684 Label:AccursedSkull SpatiallyLoaded:1 Bounds:IsValid=true, Min=(X=1587.224 Y=288.915 Z=101.329), Max=(X=1808.108 Y=469.616 Z=377.664) RuntimeGrid:None EditorOnly:0 RuntimeOnly:0 HLODRelevant:0 ListedInSceneOutliner:1 IsMainWorldOnly:0
 |   |   |   |- Guid:4E0C522D4361200706AF5EB45060C627 BaseClass:/Game/Blueprints/BigStumpPlatform.BigStumpPlatform_C NativeClass:/Script/Engine.Actor Name:BigStumpPlatform_C_UAID_08BFB80481DF34F601_1844736702 Label:BigStumpPlatform SpatiallyLoaded:1 Bounds:IsValid=true, Min=(X=2283.868 Y=277.525 Z=-102.255), Max=(X=2675.868 Y=646.649 Z=142.016) RuntimeGrid:None EditorOnly:0 RuntimeOnly:0 HLODRelevant:0 ListedInSceneOutliner:1 IsMainWorldOnly:0
 |   |   |- [+] [  3]
 |   |   |   |- Guid:391E8D1D429691361A6EDF8B13340F8E BaseClass:/Game/Blueprints/DeadTreeSkullLantern1.DeadTreeSkullLantern1_C NativeClass:/Script/Engine.Actor Name:DeadTreeSkullLantern1_C_UAID_08BFB80481DF26F601_1510206049 Label:DeadTreeSkullLantern3 SpatiallyLoaded:1 Bounds:IsValid=true, Min=(X=1379.570 Y=1763.536 Z=-135.686), Max=(X=2263.105 Y=2486.340 Z=969.656) RuntimeGrid:None EditorOnly:0 RuntimeOnly:0 HLODRelevant:0 ListedInSceneOutliner:1 IsMainWorldOnly:0
 |   |   |- [+] [  4]
 |   |   |   |- Guid:5415EFF1444332ED019097BF56FF9C8B BaseClass: NativeClass:/Script/Engine.Emitter Name:Emitter_UAID_08BFB80481DF28F601_1894028975 Label:P_Steam_Lit5 SpatiallyLoaded:1 Bounds:IsValid=true, Min=(X=-5408.282 Y=-12516.129 Z=-6721.560), Max=(X=13159.983 Y=4268.621 Z=9660.574) RuntimeGrid:None EditorOnly:0 RuntimeOnly:0 HLODRelevant:0 ListedInSceneOutliner:1 IsMainWorldOnly:0 FolderPath:Fog FolderGuid:E5F18ED94E3503C66B6388AD15EEFEC2
 |   |   |- [+] [  5]
 |   |   |   |- Guid:61391D344900612A77DFC3BA3E354907 BaseClass: NativeClass:/Script/Engine.ExponentialHeightFog Name:ExponentialHeightFog_0 Label:ExponentialHeightFog SpatiallyLoaded:0 Bounds:IsValid=true, Min=(X=-4600.000 Y=560.000 Z=100.000), Max=(X=-4600.000 Y=560.000 Z=100.000) RuntimeGrid:None EditorOnly:0 RuntimeOnly:0 HLODRelevant:0 ListedInSceneOutliner:1 IsMainWorldOnly:0 FolderPath:Lighting FolderGuid:0BA5F0A04EADB18E70D5B180D08FA34B
 |   |   |- [+] [  6]
 |   |   |   |- Guid:6FEFB3BD4EB37B849EF0D4AC80F83855 BaseClass: NativeClass:/Script/Engine.WorldDataLayers Name:WorldDataLayers Label:WorldDataLayers SpatiallyLoaded:0 Bounds:IsValid=true, Min=(X=0.000 Y=0.000 Z=0.000), Max=(X=0.000 Y=0.000 Z=0.000) RuntimeGrid:None EditorOnly:0 RuntimeOnly:0 HLODRelevant:0 ListedInSceneOutliner:1 IsMainWorldOnly:1
 |   |   |- [+] [  7]
 |   |   |   |- Guid:74439BB44D27A2D5879D47AB211A76A0 BaseClass:/Game/Blueprints/DeadTreeSkullLantern1.DeadTreeSkullLantern1_C NativeClass:/Script/Engine.Actor Name:DeadTreeSkullLantern1_C_UAID_08BFB80481DF26F601_1541922192 Label:DeadTreeSkullLantern4 SpatiallyLoaded:1 Bounds:IsValid=true, Min=(X=-2.430 Y=1492.536 Z=-130.686), Max=(X=881.105 Y=2215.340 Z=974.656) RuntimeGrid:None EditorOnly:0 RuntimeOnly:0 HLODRelevant:0 ListedInSceneOutliner:1 IsMainWorldOnly:0
 |   |   |- [+] [  8]
 |   |   |   |- Guid:78CAF7514C7533F30BD2F19A017AAB65 BaseClass: NativeClass:/Script/Engine.StaticMeshActor Name:StaticMeshActor_0 Label:SM_Cube SpatiallyLoaded:1 Bounds:IsValid=true, Min=(X=-2440.000 Y=-700.000 Z=-100.000), Max=(X=1960.000 Y=1390.000 Z=0.000) RuntimeGrid:None EditorOnly:0 RuntimeOnly:0 HLODRelevant:1 ListedInSceneOutliner:1 IsMainWorldOnly:0 FolderPath:LevelLayout FolderGuid:6C02BB504B69D1F3D7A624B130C18E5B
 |   |   |- [+] [  9]
 |   |   |   |- Guid:7961342E4A4575D6F02CD798438E90C6 BaseClass:/Game/Blueprints/DeadTreeSkullLantern1.DeadTreeSkullLantern1_C NativeClass:/Script/Engine.Actor Name:DeadTreeSkullLantern1_C_UAID_08BFB80481DF26F601_1486666744 Label:DeadTreeSkullLantern1 SpatiallyLoaded:1 Bounds:IsValid=true, Min=(X=548.895 Y=-1409.340 Z=-110.686), Max=(X=1432.430 Y=-686.536 Z=994.656) RuntimeGrid:None EditorOnly:0 RuntimeOnly:0 HLODRelevant:0 ListedInSceneOutliner:1 IsMainWorldOnly:0
 |   |   |- [+] [ 10]
 |   |   |   |- Guid:8D7730714B5AF00017F969A70F47AF1D BaseClass: NativeClass:/Script/Engine.StaticMeshActor Name:StaticMeshActor_UAID_08BFB80481DFF8F501_1172106527 Label:SM_Cube13 SpatiallyLoaded:1 Bounds:IsValid=true, Min=(X=3050.000 Y=-900.000 Z=-100.000), Max=(X=3650.000 Y=-800.000 Z=0.000) RuntimeGrid:None EditorOnly:0 RuntimeOnly:0 HLODRelevant:1 ListedInSceneOutliner:1 IsMainWorldOnly:0 FolderPath:LevelLayout FolderGuid:6C02BB504B69D1F3D7A624B130C18E5B
 |   |   |- [+] [ 11]
 |   |   |   |- Guid:9AC21B114954C7245ACE8FB4AC018F36 BaseClass:/Game/Blueprints/DeadTreeSkullLantern1.DeadTreeSkullLantern1_C NativeClass:/Script/Engine.Actor Name:DeadTreeSkullLantern1_C_UAID_08BFB80481DF26F601_1502604902 Label:DeadTreeSkullLantern2 SpatiallyLoaded:1 Bounds:IsValid=true, Min=(X=1478.895 Y=-1664.340 Z=-115.686), Max=(X=2362.430 Y=-941.536 Z=989.656) RuntimeGrid:None EditorOnly:0 RuntimeOnly:0 HLODRelevant:0 ListedInSceneOutliner:1 IsMainWorldOnly:0
 |   |   |- [+] [ 12]
 |   |   |   |- Guid:A354B1B24E617A525DC6B48CCDE2417E BaseClass: NativeClass:/Script/Engine.PlayerStart Name:PlayerStart_0 Label:PlayerStart SpatiallyLoaded:0 Bounds:IsValid=true, Min=(X=110.000 Y=310.000 Z=0.013), Max=(X=190.000 Y=390.000 Z=184.013) RuntimeGrid:None EditorOnly:0 RuntimeOnly:0 HLODRelevant:0 ListedInSceneOutliner:1 IsMainWorldOnly:0
 |   |   |- [+] [ 13]
 |   |   |   |- Guid:C0C56B9644AE3D40CAFF6A878DB29844 BaseClass: NativeClass:/Script/Engine.StaticMeshActor Name:StaticMeshActor_UAID_A4AE111137DC5EFB00_2001720423 Label:SM_SkySphere SpatiallyLoaded:0 Bounds:IsValid=true, Min=(X=-1638400.000 Y=-1638400.000 Z=-1638400.000), Max=(X=1638400.000 Y=1638400.000 Z=1638400.000) RuntimeGrid:None EditorOnly:0 RuntimeOnly:0 HLODRelevant:1 ListedInSceneOutliner:1 IsMainWorldOnly:0 FolderPath:Lighting FolderGuid:0BA5F0A04EADB18E70D5B180D08FA34B
 |   |   |- [+] [ 14]
 |   |   |   |- Guid:C22CE07C4B87D685137FDBBC10FC92C6 BaseClass: NativeClass:/Script/Engine.SkyAtmosphere Name:SkyAtmosphere_0 Label:SkyAtmosphere SpatiallyLoaded:0 Bounds:IsValid=true, Min=(X=0.000 Y=0.000 Z=1020.000), Max=(X=0.000 Y=0.000 Z=1020.000) RuntimeGrid:None EditorOnly:0 RuntimeOnly:0 HLODRelevant:0 ListedInSceneOutliner:1 IsMainWorldOnly:0 FolderPath:Lighting FolderGuid:0BA5F0A04EADB18E70D5B180D08FA34B
 |   |   |- [+] [ 15]
 |   |   |   |- Guid:C6FE12FB434747AF177D86B96665DAFD BaseClass: NativeClass:/Script/Engine.Emitter Name:Emitter_UAID_08BFB80481DF28F601_1894027974 Label:P_Steam_Lit4 SpatiallyLoaded:1 Bounds:IsValid=true, Min=(X=-1288.282 Y=-12516.129 Z=-6721.560), Max=(X=17279.983 Y=4268.621 Z=9660.574) RuntimeGrid:None EditorOnly:0 RuntimeOnly:0 HLODRelevant:0 ListedInSceneOutliner:1 IsMainWorldOnly:0 FolderPath:Fog FolderGuid:E5F18ED94E3503C66B6388AD15EEFEC2
 |   |   |- [+] [ 16]
 |   |   |   |- Guid:CE8D82634660FCDB3120E2B8D547C533 BaseClass: NativeClass:/Script/Engine.PostProcessVolume Name:PostProcessVolume_0 Label:PostProcessVolume SpatiallyLoaded:0 Bounds:IsValid=true, Min=(X=0.000 Y=0.000 Z=400.000), Max=(X=200.000 Y=200.000 Z=600.000) RuntimeGrid:None EditorOnly:0 RuntimeOnly:0 HLODRelevant:0 ListedInSceneOutliner:1 IsMainWorldOnly:0 FolderPath:Lighting FolderGuid:0BA5F0A04EADB18E70D5B180D08FA34B
 |   |   |- [+] [ 17]
 |   |   |   |- Guid:E5320C1B4FD9764CE7B54D8487AEC613 BaseClass: NativeClass:/Script/Engine.SkyLight Name:SkyLight_0 Label:SkyLight SpatiallyLoaded:0 Bounds:IsValid=true, Min=(X=0.000 Y=0.000 Z=690.000), Max=(X=0.000 Y=0.000 Z=690.000) RuntimeGrid:None EditorOnly:0 RuntimeOnly:0 HLODRelevant:0 ListedInSceneOutliner:1 IsMainWorldOnly:0 FolderPath:Lighting FolderGuid:0BA5F0A04EADB18E70D5B180D08FA34B
 |   |   |- [+] [ 18]
 |   |   |   |- Guid:F80621C9446867154938FE81375207DA BaseClass: NativeClass:/Script/Engine.DirectionalLight Name:DirectionalLight_1 Label:DirectionalLight SpatiallyLoaded:0 Bounds:IsValid=true, Min=(X=-4398046511104.000 Y=-4398046511104.000 Z=-4398046511104.000), Max=(X=4398046511104.000 Y=4398046511104.000 Z=4398046511104.000) RuntimeGrid:None EditorOnly:0 RuntimeOnly:0 HLODRelevant:0 ListedInSceneOutliner:1 IsMainWorldOnly:0 FolderPath:Lighting FolderGuid:0BA5F0A04EADB18E70D5B180D08FA34B
 |   |   |- [+] [ 19]
 |   |   |   |- Guid:FD0CFB9D4B50FD92A0D87D82C6D07E8F BaseClass: NativeClass:/Script/Engine.Emitter Name:Emitter_UAID_08BFB80481DF28F601_1904413977 Label:P_Steam_Lit7 SpatiallyLoaded:1 Bounds:IsValid=true, Min=(X=-5408.282 Y=-5231.129 Z=-6721.560), Max=(X=13159.983 Y=11553.621 Z=9660.574) RuntimeGrid:None EditorOnly:0 RuntimeOnly:0 HLODRelevant:0 ListedInSceneOutliner:1 IsMainWorldOnly:0 FolderPath:Fog FolderGuid:E5F18ED94E3503C66B6388AD15EEFEC2
 |- ContainerInstances:
 |- [+] MainContainer:
 |   |-        ID: 00000000000000000000000000000000
 |   |-  ParentID: 00000000000000000000000000000000
 |   |-    Bounds: IsValid=false, Min=(X=0.000 Y=0.000 Z=0.000), Max=(X=0.000 Y=0.000 Z=0.000)
 |   |- Transform: 0.000000,0.000000,0.000000|0.000000,0.000000,-0.000000|1.000000,1.000000,1.000000
 |   |- Container: /Game/FirstPerson/Maps/FirstPersonMap
----------------------------------------------------------------------------------------------------------------
FirstPersonMap - Persistent Level
----------------------------------------------------------------------------------------------------------------
[+] Content of FirstPersonMap Persistent Level
 |- Always loaded Actor Count: 36 
 |- Actor Path: /Game/FirstPerson/Maps/FirstPersonMap.FirstPersonMap:PersistentLevel.AbstractNavData-Default
 |- Actor Package: /Game/FirstPerson/Maps/FirstPersonMap
 |- Actor Path: /Game/FirstPerson/Maps/FirstPersonMap.FirstPersonMap:PersistentLevel.AccursedSkull_C_UAID_08BFB80481DF2CF601_1578306684
 |- Actor Package: /Game/__ExternalActors__/FirstPerson/Maps/FirstPersonMap/C/9T/PW1XKOXXZ8OO4LTB9PJDJW
 |- Actor Path: /Game/FirstPerson/Maps/FirstPersonMap.FirstPersonMap:PersistentLevel.BigStumpPlatform_C_UAID_08BFB80481DF34F601_1844736702
 |- Actor Package: /Game/__ExternalActors__/FirstPerson/Maps/FirstPersonMap/1/9Q/FZEFWQOGMDJKWCN28QOPZ9
 |- Actor Path: /Game/FirstPerson/Maps/FirstPersonMap.FirstPersonMap:PersistentLevel.Blueprint_Effect_Fire_GEN_VARIABLE_Blueprint_Effect_Fire_C_CAT_UAID_08BFB80481DF26F601_1486669746
 |- Actor Package: /Game/__ExternalActors__/FirstPerson/Maps/FirstPersonMap/C/9U/GMFR02ZMBJ83GXNJYQS7UO
 |- Actor Path: /Game/FirstPerson/Maps/FirstPersonMap.FirstPersonMap:PersistentLevel.Blueprint_Effect_Fire_GEN_VARIABLE_Blueprint_Effect_Fire_C_CAT_UAID_08BFB80481DF26F601_1502610906
 |- Actor Package: /Game/__ExternalActors__/FirstPerson/Maps/FirstPersonMap/A/3H/8WELJM8PWS16RA9U7ET7AN
 |- Actor Path: /Game/FirstPerson/Maps/FirstPersonMap.FirstPersonMap:PersistentLevel.Blueprint_Effect_Fire_GEN_VARIABLE_Blueprint_Effect_Fire_C_CAT_UAID_08BFB80481DF26F601_1510213053
 |- Actor Package: /Game/__ExternalActors__/FirstPerson/Maps/FirstPersonMap/5/W1/KHSNJG8S5DMM0A827HGZET
 |- Actor Path: /Game/FirstPerson/Maps/FirstPersonMap.FirstPersonMap:PersistentLevel.Blueprint_Effect_Fire_GEN_VARIABLE_Blueprint_Effect_Fire_C_CAT_UAID_08BFB80481DF26F601_1541929196
 |- Actor Package: /Game/__ExternalActors__/FirstPerson/Maps/FirstPersonMap/4/4J/4JLSF49FM5AYU37TPISB1L
 |- Actor Path: /Game/FirstPerson/Maps/FirstPersonMap.FirstPersonMap:PersistentLevel.Brush_0
 |- Actor Package: /Game/FirstPerson/Maps/FirstPersonMap
 |- Actor Path: /Game/FirstPerson/Maps/FirstPersonMap.FirstPersonMap:PersistentLevel.DeadTreeSkullLantern1_C_UAID_08BFB80481DF26F601_1486666744
 |- Actor Package: /Game/__ExternalActors__/FirstPerson/Maps/FirstPersonMap/C/9U/GMFR02ZMBJ83GXNJYQS7UO
 |- Actor Path: /Game/FirstPerson/Maps/FirstPersonMap.FirstPersonMap:PersistentLevel.DeadTreeSkullLantern1_C_UAID_08BFB80481DF26F601_1502604902
 |- Actor Package: /Game/__ExternalActors__/FirstPerson/Maps/FirstPersonMap/A/3H/8WELJM8PWS16RA9U7ET7AN
 |- Actor Path: /Game/FirstPerson/Maps/FirstPersonMap.FirstPersonMap:PersistentLevel.DeadTreeSkullLantern1_C_UAID_08BFB80481DF26F601_1510206049
 |- Actor Package: /Game/__ExternalActors__/FirstPerson/Maps/FirstPersonMap/5/W1/KHSNJG8S5DMM0A827HGZET
 |- Actor Path: /Game/FirstPerson/Maps/FirstPersonMap.FirstPersonMap:PersistentLevel.DeadTreeSkullLantern1_C_UAID_08BFB80481DF26F601_1541922192
 |- Actor Package: /Game/__ExternalActors__/FirstPerson/Maps/FirstPersonMap/4/4J/4JLSF49FM5AYU37TPISB1L
 |- Actor Path: /Game/FirstPerson/Maps/FirstPersonMap.FirstPersonMap:PersistentLevel.DefaultPhysicsVolume_0
 |- Actor Package: /Game/FirstPerson/Maps/FirstPersonMap
 |- Actor Path: /Game/FirstPerson/Maps/FirstPersonMap.FirstPersonMap:PersistentLevel.DirectionalLight_1
 |- Actor Package: /Game/__ExternalActors__/FirstPerson/Maps/FirstPersonMap/0/WB/V4ALNTJYOVWM8BU452CKV5
 |- Actor Path: /Game/FirstPerson/Maps/FirstPersonMap.FirstPersonMap:PersistentLevel.Emitter_UAID_08BFB80481DF28F601_1894027974
 |- Actor Package: /Game/__ExternalActors__/FirstPerson/Maps/FirstPersonMap/C/AU/17OSDRFVPNA8FXJ6FANP4P
 |- Actor Path: /Game/FirstPerson/Maps/FirstPersonMap.FirstPersonMap:PersistentLevel.Emitter_UAID_08BFB80481DF28F601_1894028975
 |- Actor Package: /Game/__ExternalActors__/FirstPerson/Maps/FirstPersonMap/9/IL/VF4LZINX5BQG6G1X0BMEE5
 |- Actor Path: /Game/FirstPerson/Maps/FirstPersonMap.FirstPersonMap:PersistentLevel.Emitter_UAID_08BFB80481DF28F601_1904412976
 |- Actor Package: /Game/__ExternalActors__/FirstPerson/Maps/FirstPersonMap/C/MF/C54F9M0T5773FL5DO4PV6M
 |- Actor Path: /Game/FirstPerson/Maps/FirstPersonMap.FirstPersonMap:PersistentLevel.Emitter_UAID_08BFB80481DF28F601_1904413977
 |- Actor Package: /Game/__ExternalActors__/FirstPerson/Maps/FirstPersonMap/6/ND/230L8FNYAQEHKJXL4QN21Q
 |- Actor Path: /Game/FirstPerson/Maps/FirstPersonMap.FirstPersonMap:PersistentLevel.ExponentialHeightFog_0
 |- Actor Package: /Game/__ExternalActors__/FirstPerson/Maps/FirstPersonMap/0/CL/381LM03PFI8AF9NED1SEV2
 |- Actor Path: /Game/FirstPerson/Maps/FirstPersonMap.FirstPersonMap:PersistentLevel.FirstPersonMap_C_2
 |- Actor Package: /Game/FirstPerson/Maps/FirstPersonMap
 |- Actor Path: /Game/FirstPerson/Maps/FirstPersonMap.FirstPersonMap:PersistentLevel.GameplayDebuggerPlayerManager_0
 |- Actor Package: /Game/FirstPerson/Maps/FirstPersonMap
 |- Actor Path: /Game/FirstPerson/Maps/FirstPersonMap.FirstPersonMap:PersistentLevel.PlayerStart_0
 |- Actor Package: /Game/__ExternalActors__/FirstPerson/Maps/FirstPersonMap/8/Z7/W1SXRCM1KAKBJOIZDLHZ47
 |- Actor Path: /Game/FirstPerson/Maps/FirstPersonMap.FirstPersonMap:PersistentLevel.PostProcessVolume_0
 |- Actor Package: /Game/__ExternalActors__/FirstPerson/Maps/FirstPersonMap/E/MX/R1GV431P5FDO08OFULRA01
 |- Actor Path: /Game/FirstPerson/Maps/FirstPersonMap.FirstPersonMap:PersistentLevel.SkullLantern_GEN_VARIABLE_SkullLantern_C_CAT_UAID_08BFB80481DF26F601_1486668745
 |- Actor Package: /Game/__ExternalActors__/FirstPerson/Maps/FirstPersonMap/C/9U/GMFR02ZMBJ83GXNJYQS7UO
 |- Actor Path: /Game/FirstPerson/Maps/FirstPersonMap.FirstPersonMap:PersistentLevel.SkullLantern_GEN_VARIABLE_SkullLantern_C_CAT_UAID_08BFB80481DF26F601_1502605903
 |- Actor Package: /Game/__ExternalActors__/FirstPerson/Maps/FirstPersonMap/A/3H/8WELJM8PWS16RA9U7ET7AN
 |- Actor Path: /Game/FirstPerson/Maps/FirstPersonMap.FirstPersonMap:PersistentLevel.SkullLantern_GEN_VARIABLE_SkullLantern_C_CAT_UAID_08BFB80481DF26F601_1510206050
 |- Actor Package: /Game/__ExternalActors__/FirstPerson/Maps/FirstPersonMap/5/W1/KHSNJG8S5DMM0A827HGZET
 |- Actor Path: /Game/FirstPerson/Maps/FirstPersonMap.FirstPersonMap:PersistentLevel.SkullLantern_GEN_VARIABLE_SkullLantern_C_CAT_UAID_08BFB80481DF26F601_1541923193
 |- Actor Package: /Game/__ExternalActors__/FirstPerson/Maps/FirstPersonMap/4/4J/4JLSF49FM5AYU37TPISB1L
 |- Actor Path: /Game/FirstPerson/Maps/FirstPersonMap.FirstPersonMap:PersistentLevel.SkyAtmosphere_0
 |- Actor Package: /Game/__ExternalActors__/FirstPerson/Maps/FirstPersonMap/C/VO/VMN4G7K3NKKV6F8HTPHHDB
 |- Actor Path: /Game/FirstPerson/Maps/FirstPersonMap.FirstPersonMap:PersistentLevel.SkyLight_0
 |- Actor Package: /Game/__ExternalActors__/FirstPerson/Maps/FirstPersonMap/6/0Z/5RQIHCZ9W3UXRGL4LTLQAK
 |- Actor Path: /Game/FirstPerson/Maps/FirstPersonMap.FirstPersonMap:PersistentLevel.StaticMeshActor_0
 |- Actor Package: /Game/__ExternalActors__/FirstPerson/Maps/FirstPersonMap/7/L5/1ZJ54FMA0DAL3I2Q8RFAIB
 |- Actor Path: /Game/FirstPerson/Maps/FirstPersonMap.FirstPersonMap:PersistentLevel.StaticMeshActor_UAID_08BFB80481DF28F601_1199472745
 |- Actor Package: /Game/__ExternalActors__/FirstPerson/Maps/FirstPersonMap/C/HD/Q1QP4U82C5E3U5W393YIAO
 |- Actor Path: /Game/FirstPerson/Maps/FirstPersonMap.FirstPersonMap:PersistentLevel.StaticMeshActor_UAID_08BFB80481DFF8F501_1172106527
 |- Actor Package: /Game/__ExternalActors__/FirstPerson/Maps/FirstPersonMap/7/QI/4P9RQAFXC8VXD4ESGPXXWE
 |- Actor Path: /Game/FirstPerson/Maps/FirstPersonMap.FirstPersonMap:PersistentLevel.StaticMeshActor_UAID_A4AE111137DC5EFB00_2001720423
 |- Actor Package: /Game/__ExternalActors__/FirstPerson/Maps/FirstPersonMap/C/ZU/PDQ0AB8RLNMVID876FD49G
 |- Actor Path: /Game/FirstPerson/Maps/FirstPersonMap.FirstPersonMap:PersistentLevel.WorldDataLayers
 |- Actor Package: /Game/__ExternalActors__/FirstPerson/Maps/FirstPersonMap/D/0W/E1FKEGVKGOLM7HGLQPCIPO
 |- Actor Path: /Game/FirstPerson/Maps/FirstPersonMap.FirstPersonMap:PersistentLevel.WorldInfo_0
 |- Actor Package: /Game/FirstPerson/Maps/FirstPersonMap
 |- Actor Path: /Game/FirstPerson/Maps/FirstPersonMap.FirstPersonMap:PersistentLevel.WorldPartitionMiniMap_0
 |- Actor Package: /Game/__ExternalActors__/FirstPerson/Maps/FirstPersonMap/4/CR/SRVPLA8UNZ8XIIP0E036DI

----------------------------------------------------------------------------------------------------------------
FirstPersonMap - Runtime Spatial Hash - Streaming Grid - MainGrid
----------------------------------------------------------------------------------------------------------------
            Origin: X=0.000 Y=0.000 Z=0.000
         Cell Size: 12800
      World Bounds: IsValid=false, Min=(X=0.000 Y=0.000 Z=0.000), Max=(X=0.000 Y=0.000 Z=0.000)
     Loading Range: 25600.00
Block Slow Loading: No
 ClientOnlyVisible: No
            Origin: X=0.000 Y=0.000 Z=0.000

[+] Grid Levels: 1
 |- Level  0: Cell Count    0 | Cell Size   12800 | Actor Count    0 (0.0%)

[+] Content of Grid Level 0

